SF:lib/main.dart
DA:24,0
DA:25,0
DA:26,0
DA:27,0
DA:29,0
DA:34,6
DA:35,6
DA:36,18
DA:37,12
DA:43,0
DA:45,0
DA:46,0
DA:51,2
DA:53,6
DA:55,6
DA:57,6
DA:58,12
DA:59,12
DA:60,12
DA:61,12
DA:76,18
DA:77,6
DA:78,6
DA:80,6
DA:82,6
DA:84,0
DA:86,6
DA:88,4
DA:89,8
DA:91,4
DA:92,4
DA:97,6
DA:99,2
DA:101,6
DA:103,1
DA:105,6
DA:107,2
DA:108,4
DA:110,2
DA:111,2
DA:116,6
DA:118,1
DA:119,2
DA:121,1
DA:122,1
DA:127,6
DA:129,0
DA:131,6
DA:133,0
DA:135,0
DA:136,0
DA:137,0
DA:138,0
DA:140,0
DA:145,0
DA:147,0
DA:151,0
DA:153,0
DA:154,0
DA:159,6
DA:161,0
DA:163,6
DA:165,0
DA:167,6
DA:169,0
DA:171,6
DA:173,0
DA:174,0
DA:175,0
DA:178,6
DA:180,0
DA:182,6
DA:184,0
DA:186,6
DA:188,0
DA:193,6
DA:196,6
DA:197,6
DA:205,2
DA:207,6
DA:209,6
DA:210,6
DA:211,6
DA:212,6
DA:216,6
DA:219,6
DA:220,6
DA:222,6
DA:223,6
DA:230,6
DA:231,6
DA:232,6
DA:238,6
DA:242,6
DA:244,6
DA:265,6
DA:267,6
DA:287,6
DA:289,6
DA:291,6
DA:292,6
DA:302,6
DA:306,24
DA:309,6
DA:310,6
DA:311,12
DA:312,12
DA:313,12
DA:314,12
DA:316,6
DA:317,12
DA:318,12
DA:319,12
DA:320,12
DA:322,6
DA:323,12
DA:324,12
DA:325,12
DA:326,12
DA:328,6
DA:329,12
DA:330,12
DA:331,12
DA:332,12
DA:356,6
DA:364,6
DA:366,6
DA:367,4
DA:369,12
DA:371,6
DA:373,6
DA:374,6
DA:375,6
DA:376,6
DA:378,0
DA:379,0
DA:380,0
DA:388,6
DA:390,6
DA:392,6
DA:393,6
DA:398,6
DA:399,6
LF:143
LH:110
end_of_record
SF:lib/services/auth_provider.dart
DA:8,6
DA:9,0
DA:13,7
DA:18,0
LF:4
LH:2
end_of_record
SF:lib/auth/auth_widgets.dart
DA:13,0
DA:24,0
DA:26,0
DA:27,0
DA:28,0
DA:29,0
DA:30,0
DA:31,0
DA:32,0
DA:33,0
DA:34,0
DA:35,0
DA:37,0
DA:38,0
DA:49,0
DA:62,0
DA:70,0
DA:72,0
DA:75,0
DA:76,0
DA:77,0
DA:78,0
DA:81,0
DA:82,0
DA:84,0
DA:86,0
DA:95,0
DA:96,0
DA:113,0
DA:120,0
DA:122,0
DA:123,0
DA:124,0
DA:125,0
DA:129,0
DA:130,0
LF:36
LH:0
end_of_record
SF:lib/auth/login_page.dart
DA:8,2
DA:10,0
DA:11,0
DA:22,0
DA:24,0
DA:25,0
DA:26,0
DA:29,0
DA:30,0
DA:33,0
DA:39,0
DA:40,0
DA:43,0
DA:49,0
DA:50,0
DA:51,0
DA:52,0
DA:56,0
DA:57,0
DA:58,0
DA:61,0
DA:63,0
DA:64,0
DA:72,0
DA:73,0
DA:74,0
DA:75,0
DA:81,0
DA:82,0
DA:83,0
DA:90,0
DA:91,0
DA:92,0
DA:96,0
DA:98,0
DA:100,0
DA:101,0
DA:109,0
DA:110,0
DA:111,0
DA:112,0
DA:118,0
DA:119,0
DA:120,0
DA:126,0
DA:128,0
DA:130,0
DA:131,0
DA:132,0
DA:133,0
DA:135,0
DA:136,0
DA:137,0
DA:139,0
DA:140,0
DA:143,0
DA:145,0
DA:146,0
DA:148,0
DA:150,0
DA:151,0
DA:152,0
DA:155,0
DA:175,0
DA:179,0
DA:180,0
DA:186,0
DA:191,0
DA:192,0
DA:197,0
DA:200,0
DA:201,0
DA:206,0
DA:208,0
DA:211,0
DA:212,0
DA:240,0
DA:241,0
DA:242,0
DA:248,0
DA:251,0
DA:254,0
DA:255,0
DA:258,0
DA:266,0
DA:268,0
DA:273,0
DA:276,0
DA:277,0
LF:89
LH:1
end_of_record
SF:lib/services/auth_service.dart
DA:11,0
DA:12,0
DA:15,0
DA:18,0
DA:24,0
DA:30,0
DA:31,0
DA:32,0
DA:35,0
DA:36,0
DA:37,0
DA:38,0
DA:40,0
DA:45,0
DA:50,0
DA:55,0
DA:56,0
DA:57,0
DA:58,0
DA:60,0
DA:65,0
DA:69,0
DA:71,0
DA:74,0
DA:75,0
DA:76,0
DA:80,0
DA:89,0
DA:92,0
DA:93,0
DA:94,0
DA:98,0
DA:100,0
DA:101,0
DA:102,0
DA:103,0
DA:105,0
DA:110,0
DA:112,0
DA:113,0
DA:114,0
DA:116,0
DA:118,0
DA:123,0
DA:125,0
DA:126,0
DA:127,0
DA:129,0
DA:134,0
DA:139,0
DA:140,0
DA:143,0
DA:146,0
DA:148,0
DA:149,0
DA:151,0
DA:156,0
DA:158,0
DA:159,0
DA:160,0
DA:161,0
DA:163,0
DA:168,0
DA:169,0
DA:170,0
DA:172,0
DA:174,0
DA:176,0
DA:178,0
DA:180,0
DA:182,0
DA:184,0
DA:186,0
DA:189,0
LF:74
LH:0
end_of_record
SF:lib/widgets/header.dart
DA:9,2
DA:11,6
DA:12,6
DA:16,6
DA:18,6
DA:20,18
DA:23,6
DA:25,18
DA:26,6
DA:29,0
DA:30,0
DA:33,3
DA:34,3
DA:36,6
DA:38,3
DA:41,3
DA:42,3
DA:45,2
DA:46,2
DA:47,2
DA:50,3
DA:53,1
DA:54,1
DA:55,1
DA:58,3
DA:61,2
DA:62,2
DA:63,2
DA:66,3
DA:69,0
DA:70,0
DA:71,0
DA:74,3
DA:77,3
DA:78,3
DA:80,0
DA:81,0
DA:82,0
DA:85,3
DA:87,0
DA:88,0
DA:89,0
DA:100,6
DA:102,6
DA:103,6
DA:104,24
DA:106,6
DA:108,6
DA:110,6
DA:111,6
DA:112,6
DA:122,6
DA:123,6
DA:125,6
DA:126,6
DA:128,6
DA:129,12
DA:130,6
DA:139,0
DA:140,0
DA:141,0
DA:144,0
DA:145,0
DA:146,0
DA:156,0
DA:157,0
DA:167,0
DA:168,0
DA:178,0
DA:179,0
DA:189,0
DA:191,0
DA:192,0
DA:193,0
DA:194,0
DA:195,0
DA:198,0
DA:208,0
DA:210,0
DA:212,0
DA:237,6
DA:240,6
DA:242,6
DA:243,6
DA:247,0
DA:249,6
DA:250,6
DA:251,12
DA:259,0
DA:260,0
DA:261,0
DA:263,0
DA:268,6
DA:270,6
DA:271,6
DA:275,0
DA:277,6
DA:278,0
DA:281,0
DA:291,0
DA:292,0
DA:305,6
DA:309,6
LF:103
LH:60
end_of_record
SF:lib/auth/signup_page.dart
DA:8,2
DA:10,0
DA:11,0
DA:24,0
DA:26,0
DA:27,0
DA:28,0
DA:29,0
DA:30,0
DA:33,0
DA:34,0
DA:37,0
DA:43,0
DA:44,0
DA:47,0
DA:53,0
DA:54,0
DA:57,0
DA:63,0
DA:64,0
DA:67,0
DA:73,0
DA:74,0
DA:75,0
DA:76,0
DA:80,0
DA:81,0
DA:82,0
DA:83,0
DA:86,0
DA:88,0
DA:89,0
DA:97,0
DA:98,0
DA:99,0
DA:100,0
DA:106,0
DA:107,0
DA:108,0
DA:115,0
DA:116,0
DA:117,0
DA:121,0
DA:123,0
DA:125,0
DA:126,0
DA:134,0
DA:135,0
DA:136,0
DA:137,0
DA:143,0
DA:144,0
DA:145,0
DA:151,0
DA:153,0
DA:155,0
DA:156,0
DA:157,0
DA:158,0
DA:160,0
DA:161,0
DA:162,0
DA:164,0
DA:165,0
DA:168,0
DA:170,0
DA:171,0
DA:173,0
DA:175,0
DA:176,0
DA:177,0
DA:180,0
DA:200,0
DA:204,0
DA:205,0
DA:211,0
DA:215,0
DA:216,0
DA:222,0
DA:227,0
DA:228,0
DA:233,0
DA:238,0
DA:239,0
DA:244,0
DA:247,0
DA:248,0
DA:269,0
DA:270,0
DA:271,0
DA:277,0
DA:280,0
DA:283,0
DA:284,0
DA:287,0
DA:295,0
DA:297,0
DA:302,0
DA:305,0
DA:306,0
LF:100
LH:1
end_of_record
SF:lib/config/firebase_options.dart
DA:18,0
DA:22,0
DA:23,0
DA:25,0
DA:27,0
DA:29,0
DA:31,0
DA:32,0
DA:37,0
LF:9
LH:0
end_of_record
SF:lib/views/product_page.dart
DA:12,6
DA:14,5
DA:15,5
DA:24,1
DA:25,2
DA:26,2
DA:30,0
DA:31,0
DA:32,0
DA:36,5
DA:39,10
DA:47,5
DA:48,5
DA:49,5
DA:50,5
DA:54,5
DA:55,5
DA:57,5
DA:60,5
DA:61,5
DA:63,5
DA:64,10
DA:65,5
DA:66,5
DA:67,10
DA:68,5
DA:69,5
DA:70,5
DA:72,5
DA:73,5
DA:74,10
DA:75,5
DA:76,5
DA:78,0
DA:79,0
DA:80,0
DA:85,0
DA:88,0
DA:89,0
DA:90,0
DA:101,5
DA:103,5
DA:105,5
DA:106,5
DA:117,10
DA:118,0
DA:119,0
DA:120,0
DA:121,0
DA:129,0
DA:130,0
DA:139,5
DA:140,5
DA:141,5
DA:150,5
DA:153,5
DA:155,5
DA:156,5
DA:157,5
DA:160,5
DA:162,5
DA:168,1
DA:170,2
DA:171,1
DA:178,5
DA:180,5
DA:186,0
DA:188,0
DA:189,0
DA:199,5
DA:200,5
DA:203,5
DA:205,5
DA:208,5
DA:209,10
DA:213,5
DA:215,5
DA:224,25
DA:228,5
DA:231,5
DA:239,5
DA:240,5
DA:249,5
DA:252,5
DA:253,0
DA:254,0
DA:255,0
DA:257,0
DA:258,0
DA:259,0
DA:260,0
DA:264,0
DA:265,0
DA:266,0
DA:267,0
DA:270,0
DA:272,0
DA:273,0
DA:279,5
DA:286,5
DA:287,5
DA:303,10
DA:304,0
DA:306,0
DA:309,0
DA:315,5
DA:317,5
LF:107
LH:71
end_of_record
SF:lib/views/collections_page.dart
DA:9,2
DA:11,2
DA:12,2
DA:19,2
DA:21,6
DA:22,10
DA:23,2
DA:26,2
DA:27,2
DA:28,10
DA:30,0
DA:31,0
DA:33,0
DA:34,0
DA:41,2
DA:43,2
DA:45,2
DA:46,2
DA:47,2
DA:48,2
DA:53,2
DA:66,2
DA:68,2
DA:69,2
DA:71,4
DA:72,0
DA:73,0
DA:75,0
DA:76,0
DA:79,0
DA:80,0
DA:87,0
DA:88,0
DA:89,0
DA:95,0
DA:96,0
DA:97,0
DA:99,0
DA:100,0
DA:116,0
DA:118,0
DA:119,0
DA:129,2
DA:130,2
DA:132,2
DA:134,2
DA:135,2
DA:138,2
DA:139,2
DA:146,0
DA:147,0
DA:148,0
DA:155,2
DA:157,2
DA:158,2
DA:159,2
DA:161,2
DA:162,2
DA:178,0
DA:180,0
DA:181,0
DA:194,4
DA:195,0
DA:197,0
DA:199,0
DA:200,0
DA:201,0
DA:202,0
DA:208,2
DA:211,2
DA:212,2
DA:214,0
DA:215,0
DA:216,0
DA:219,0
DA:222,0
DA:224,0
DA:226,0
DA:232,2
DA:234,2
DA:238,8
DA:242,4
DA:243,2
DA:244,2
DA:246,6
DA:248,2
DA:251,2
DA:253,2
DA:254,2
DA:257,2
DA:258,2
DA:261,0
DA:262,0
DA:263,0
DA:264,0
DA:265,0
DA:268,0
DA:275,2
DA:277,2
DA:280,2
DA:281,2
DA:282,2
DA:289,2
DA:290,12
DA:291,2
DA:293,2
DA:303,2
DA:305,2
DA:308,2
LF:109
LH:63
end_of_record
SF:lib/views/collection_page.dart
DA:11,4
DA:16,2
DA:17,2
DA:24,2
DA:25,4
DA:27,8
DA:30,4
DA:31,0
DA:32,0
DA:33,0
DA:37,4
DA:38,0
DA:39,0
DA:40,0
DA:41,0
DA:43,4
DA:44,0
DA:45,0
DA:46,0
DA:47,0
DA:54,2
DA:56,2
DA:57,2
DA:58,2
DA:59,2
DA:60,2
DA:65,2
DA:67,2
DA:68,2
DA:69,2
DA:70,6
DA:82,2
DA:84,2
DA:86,2
DA:87,2
DA:88,2
DA:94,0
DA:95,0
DA:96,0
DA:102,2
DA:103,2
DA:109,0
DA:111,0
DA:112,0
DA:122,2
DA:124,2
DA:127,8
DA:131,6
DA:132,4
DA:133,2
DA:134,1
DA:136,2
DA:137,6
DA:139,0
DA:142,2
DA:143,2
DA:145,2
DA:146,2
DA:147,2
DA:148,2
DA:150,0
DA:151,0
DA:152,0
DA:158,2
DA:160,2
DA:162,2
DA:163,4
DA:165,4
DA:173,2
DA:174,0
DA:175,0
DA:186,0
DA:187,0
DA:188,0
DA:190,0
DA:191,0
DA:192,0
DA:193,0
LF:78
LH:48
end_of_record
SF:lib/views/about_page.dart
DA:6,2
DA:8,1
DA:10,1
DA:11,1
DA:12,1
DA:13,1
DA:16,1
DA:45,1
LF:8
LH:8
end_of_record
SF:lib/widgets/footer.dart
DA:5,2
DA:7,7
DA:9,28
DA:11,7
DA:13,7
DA:16,1
DA:18,1
DA:19,1
DA:21,1
DA:23,1
DA:26,7
DA:28,7
DA:30,14
DA:32,14
DA:34,14
DA:41,7
DA:98,7
DA:99,7
DA:101,7
DA:111,7
DA:112,0
DA:113,7
DA:126,7
DA:127,1
DA:128,7
DA:145,7
LF:26
LH:25
end_of_record
SF:lib/views/sale_page.dart
DA:9,2
DA:11,0
DA:14,0
DA:16,0
DA:17,0
DA:18,0
DA:22,0
DA:42,0
DA:44,0
DA:45,0
DA:46,0
DA:47,0
DA:54,0
DA:55,0
DA:56,0
DA:57,0
DA:78,0
DA:80,0
DA:82,0
DA:83,0
DA:84,0
DA:85,0
DA:87,0
DA:89,0
DA:90,0
DA:91,0
DA:93,0
DA:94,0
DA:95,0
DA:96,0
DA:97,0
DA:100,0
DA:102,0
DA:105,0
DA:106,0
DA:107,0
DA:109,0
DA:111,0
DA:113,0
DA:115,0
DA:116,0
DA:117,0
DA:118,0
DA:121,0
DA:122,0
DA:131,0
DA:132,0
DA:137,0
DA:138,0
DA:139,0
DA:140,0
DA:148,0
DA:149,0
DA:150,0
DA:160,0
DA:163,0
DA:164,0
DA:166,0
DA:168,0
DA:170,0
DA:171,0
LF:61
LH:1
end_of_record
SF:lib/views/search_page.dart
DA:11,0
DA:16,0
DA:17,0
DA:25,0
DA:27,0
DA:28,0
DA:31,0
DA:33,0
DA:34,0
DA:37,0
DA:38,0
DA:39,0
DA:40,0
DA:41,0
DA:46,0
DA:47,0
DA:48,0
DA:49,0
DA:50,0
DA:54,0
DA:56,0
DA:57,0
DA:58,0
DA:59,0
DA:63,0
DA:65,0
DA:66,0
DA:77,0
DA:78,0
DA:79,0
DA:82,0
DA:83,0
DA:85,0
DA:86,0
DA:93,0
DA:94,0
DA:101,0
DA:103,0
DA:105,0
DA:106,0
DA:107,0
DA:108,0
DA:109,0
DA:110,0
DA:120,0
DA:121,0
DA:124,0
DA:125,0
DA:130,0
DA:131,0
DA:132,0
DA:133,0
DA:134,0
DA:135,0
DA:137,0
DA:139,0
DA:141,0
DA:142,0
DA:143,0
DA:144,0
DA:147,0
DA:148,0
DA:149,0
DA:157,0
DA:159,0
DA:161,0
DA:162,0
DA:163,0
DA:172,0
DA:173,0
DA:190,0
DA:191,0
DA:214,0
LF:73
LH:0
end_of_record
SF:lib/views/cart_page.dart
DA:10,2
DA:12,0
DA:13,0
DA:17,0
DA:19,0
DA:20,0
DA:22,0
DA:23,0
DA:24,0
DA:25,0
DA:29,0
DA:42,0
DA:44,0
DA:45,0
DA:47,0
DA:48,0
DA:49,0
DA:51,0
DA:53,0
DA:57,0
DA:58,0
DA:59,0
DA:61,0
DA:67,0
DA:68,0
DA:83,0
DA:84,0
DA:85,0
DA:87,0
DA:89,0
DA:90,0
DA:91,0
DA:95,0
DA:97,0
DA:98,0
DA:100,0
DA:102,0
DA:105,0
DA:106,0
DA:108,0
DA:109,0
DA:110,0
DA:112,0
DA:119,0
DA:120,0
DA:122,0
DA:123,0
DA:124,0
DA:134,0
DA:135,0
DA:137,0
DA:138,0
DA:139,0
DA:146,0
DA:147,0
DA:156,0
DA:157,0
DA:158,0
DA:172,0
DA:173,0
DA:175,0
DA:176,0
DA:177,0
DA:178,0
DA:181,0
DA:182,0
DA:183,0
DA:188,0
DA:190,0
DA:192,0
DA:193,0
DA:195,0
DA:196,0
DA:201,0
DA:202,0
DA:203,0
DA:204,0
DA:206,0
DA:211,0
DA:213,0
DA:214,0
DA:221,0
DA:226,0
DA:227,0
DA:228,0
DA:234,0
DA:235,0
DA:243,0
DA:244,0
DA:245,0
DA:246,0
DA:262,0
DA:264,0
DA:266,0
DA:269,0
DA:270,0
DA:272,0
DA:273,0
DA:274,0
DA:276,0
DA:283,0
DA:284,0
DA:286,0
DA:287,0
DA:288,0
DA:296,0
DA:297,0
DA:298,0
DA:299,0
DA:300,0
DA:308,0
DA:309,0
DA:318,0
DA:319,0
DA:320,0
DA:327,0
DA:329,0
DA:331,0
DA:333,0
DA:335,0
DA:337,0
DA:338,0
DA:339,0
DA:344,0
DA:345,0
DA:346,0
DA:347,0
DA:349,0
DA:354,0
DA:356,0
DA:357,0
DA:364,0
DA:369,0
DA:370,0
DA:371,0
DA:376,0
DA:377,0
DA:378,0
DA:379,0
DA:396,0
DA:397,0
DA:409,0
DA:414,0
DA:415,0
DA:418,0
DA:419,0
DA:420,0
DA:422,0
DA:424,0
DA:433,0
DA:435,0
DA:440,0
DA:441,0
DA:447,0
DA:449,0
DA:454,0
DA:456,0
DA:458,0
DA:465,0
DA:467,0
DA:475,0
DA:476,0
DA:486,0
DA:487,0
DA:489,0
DA:490,0
DA:493,0
DA:496,0
DA:514,0
DA:517,0
DA:519,0
DA:520,0
DA:524,0
DA:525,0
DA:528,0
DA:530,0
DA:532,0
DA:533,0
DA:535,0
DA:536,0
DA:537,0
DA:538,0
DA:539,0
DA:540,0
DA:550,0
DA:554,0
DA:555,0
DA:570,0
DA:571,0
LF:189
LH:1
end_of_record
SF:lib/models/fixtures.dart
DA:46,9
DA:47,3
DA:51,12
DA:53,3
DA:57,9
DA:59,3
DA:63,12
DA:65,3
DA:69,9
DA:71,3
DA:75,9
DA:77,3
DA:81,9
DA:86,3
DA:87,1
DA:88,1
DA:92,1
DA:93,1
DA:97,1
DA:98,1
DA:105,6
DA:106,12
DA:107,12
DA:112,3
DA:113,6
DA:114,6
LF:26
LH:26
end_of_record
SF:lib/models/product.dart
DA:7,2
LF:1
LH:1
end_of_record
SF:lib/views/dashboard_page.dart
DA:12,2
DA:14,0
DA:15,0
DA:24,0
DA:26,0
DA:27,0
DA:30,0
DA:31,0
DA:33,0
DA:34,0
DA:35,0
DA:40,0
DA:42,0
DA:43,0
DA:46,0
DA:47,0
DA:56,0
DA:58,0
DA:59,0
DA:63,0
DA:64,0
DA:65,0
DA:66,0
DA:67,0
DA:75,0
DA:77,0
DA:79,0
DA:80,0
DA:81,0
DA:83,0
DA:84,0
DA:85,0
DA:86,0
DA:89,0
DA:91,0
DA:105,0
DA:107,0
DA:109,0
DA:111,0
DA:122,0
DA:123,0
DA:125,0
DA:132,0
DA:134,0
DA:137,0
DA:140,0
DA:142,0
DA:153,0
DA:155,0
DA:157,0
DA:159,0
DA:169,0
DA:170,0
DA:171,0
DA:173,0
DA:174,0
DA:175,0
DA:178,0
DA:181,0
DA:183,0
DA:185,0
DA:193,0
DA:196,0
DA:197,0
DA:198,0
DA:199,0
DA:200,0
DA:203,0
DA:205,0
DA:206,0
DA:207,0
DA:213,0
DA:214,0
DA:223,0
DA:225,0
DA:226,0
DA:227,0
DA:230,0
DA:233,0
DA:234,0
DA:235,0
DA:237,0
DA:241,0
DA:244,0
DA:247,0
DA:248,0
DA:249,0
DA:251,0
DA:257,0
DA:259,0
DA:261,0
DA:262,0
DA:263,0
DA:265,0
DA:267,0
DA:276,0
DA:277,0
DA:279,0
DA:281,0
DA:283,0
DA:286,0
DA:287,0
DA:288,0
DA:290,0
DA:291,0
DA:292,0
DA:293,0
DA:294,0
DA:296,0
DA:304,0
DA:305,0
DA:307,0
DA:308,0
DA:309,0
DA:316,0
DA:317,0
DA:318,0
DA:319,0
DA:320,0
DA:321,0
DA:322,0
DA:324,0
DA:327,0
DA:328,0
DA:329,0
DA:330,0
DA:331,0
DA:332,0
DA:334,0
DA:338,0
DA:339,0
DA:340,0
DA:349,0
DA:350,0
DA:351,0
DA:354,0
DA:363,0
DA:364,0
DA:373,0
DA:389,0
DA:392,0
DA:393,0
DA:394,0
DA:397,0
DA:398,0
DA:401,0
DA:442,0
DA:443,0
DA:445,0
DA:446,0
DA:449,0
DA:452,0
DA:453,0
DA:455,0
DA:456,0
DA:458,0
DA:460,0
DA:465,0
LF:158
LH:1
end_of_record
SF:lib/views/personalisation_page.dart
DA:9,2
DA:11,0
DA:12,0
DA:24,0
DA:25,0
DA:26,0
DA:27,0
DA:28,0
DA:29,0
DA:30,0
DA:34,0
DA:37,0
DA:39,0
DA:46,0
DA:48,0
DA:49,0
DA:50,0
DA:51,0
DA:55,0
DA:56,0
DA:58,0
DA:61,0
DA:62,0
DA:64,0
DA:66,0
DA:67,0
DA:68,0
DA:69,0
DA:70,0
DA:71,0
DA:72,0
DA:74,0
DA:75,0
DA:76,0
DA:77,0
DA:78,0
DA:79,0
DA:80,0
DA:84,0
DA:86,0
DA:89,0
DA:90,0
DA:93,0
DA:94,0
DA:96,0
DA:100,0
DA:103,0
DA:104,0
DA:105,0
DA:107,0
DA:112,0
DA:115,0
DA:116,0
DA:117,0
DA:118,0
DA:120,0
DA:122,0
DA:123,0
DA:127,0
DA:128,0
DA:130,0
DA:131,0
DA:133,0
DA:135,0
DA:136,0
DA:141,0
DA:142,0
DA:144,0
DA:145,0
DA:147,0
DA:149,0
DA:150,0
DA:155,0
DA:156,0
DA:158,0
DA:159,0
DA:161,0
DA:163,0
DA:164,0
DA:177,0
DA:179,0
DA:190,0
DA:191,0
DA:192,0
DA:223,0
DA:224,0
DA:247,0
DA:249,0
DA:250,0
DA:258,0
DA:267,0
DA:273,0
DA:274,0
DA:275,0
DA:283,0
DA:292,0
DA:298,0
DA:299,0
DA:300,0
DA:308,0
DA:317,0
DA:323,0
DA:324,0
DA:325,0
DA:333,0
DA:342,0
DA:348,0
DA:349,0
DA:350,0
DA:358,0
DA:367,0
DA:370,0
DA:371,0
DA:372,0
DA:374,0
DA:375,0
DA:376,0
DA:379,0
DA:382,0
DA:384,0
DA:386,0
DA:390,0
DA:392,0
DA:394,0
DA:405,0
DA:414,0
DA:415,0
DA:433,0
DA:435,0
DA:436,0
DA:445,0
DA:452,0
DA:453,0
DA:454,0
DA:455,0
DA:457,0
DA:458,0
DA:459,0
DA:460,0
DA:465,0
DA:466,0
DA:469,0
DA:471,0
DA:472,0
DA:473,0
DA:479,0
DA:482,0
DA:484,0
DA:485,0
DA:487,0
DA:488,0
DA:489,0
DA:499,0
DA:500,0
DA:511,0
DA:512,0
DA:513,0
DA:514,0
DA:516,0
DA:517,0
DA:518,0
DA:520,0
DA:521,0
DA:522,0
DA:526,0
DA:527,0
DA:528,0
DA:534,0
DA:536,0
DA:537,0
DA:539,0
DA:543,0
DA:544,0
DA:547,0
DA:549,0
DA:550,0
DA:556,0
DA:560,0
DA:561,0
DA:578,0
DA:579,0
DA:581,0
DA:584,0
DA:588,0
DA:589,0
LF:185
LH:1
end_of_record
SF:lib/views/print_shack_about_page.dart
DA:7,2
DA:9,0
DA:11,0
DA:12,0
DA:13,0
DA:14,0
DA:18,0
DA:37,0
DA:38,0
DA:40,0
DA:42,0
DA:44,0
DA:71,0
DA:76,0
DA:81,0
DA:86,0
DA:100,0
DA:101,0
DA:102,0
DA:103,0
DA:104,0
DA:123,0
DA:124,0
DA:125,0
DA:126,0
DA:128,0
DA:134,0
DA:135,0
DA:162,0
DA:163,0
DA:165,0
DA:172,0
DA:173,0
DA:175,0
DA:176,0
DA:184,0
DA:198,0
DA:199,0
DA:201,0
DA:202,0
DA:203,0
DA:210,0
DA:211,0
DA:222,0
DA:223,0
LF:45
LH:1
end_of_record
SF:lib/models/cart.dart
DA:8,21
DA:9,14
DA:10,7
DA:19,7
DA:20,14
DA:24,7
DA:25,14
DA:29,1
DA:30,2
DA:31,1
DA:36,4
DA:39,7
DA:40,24
DA:44,3
DA:47,1
DA:48,6
DA:52,1
DA:59,1
DA:67,1
DA:69,2
DA:71,5
DA:72,4
DA:76,2
DA:78,1
DA:82,1
DA:83,2
DA:84,1
DA:88,1
DA:89,2
DA:90,1
DA:91,2
DA:93,5
DA:95,1
DA:100,1
DA:101,2
DA:102,5
DA:103,4
DA:105,1
DA:110,1
DA:111,2
DA:112,3
DA:113,1
DA:114,5
DA:115,1
DA:118,2
DA:120,1
DA:125,1
DA:126,2
DA:127,1
DA:131,1
DA:136,1
DA:137,2
LF:52
LH:52
end_of_record
SF:lib/models/cart_item.dart
DA:10,2
DA:19,2
DA:21,8
DA:22,2
DA:23,4
DA:27,2
DA:34,2
DA:35,2
DA:36,0
DA:37,2
DA:38,2
DA:39,2
DA:44,2
DA:45,10
LF:14
LH:13
end_of_record
SF:lib/models/collection.dart
DA:9,3
LF:1
LH:1
end_of_record
SF:lib/models/order.dart
DA:11,0
DA:20,0
DA:21,0
DA:25,0
DA:26,0
LF:5
LH:0
end_of_record
SF:lib/services/order_service.dart
DA:7,0
DA:8,0
DA:9,0
DA:15,0
DA:20,0
DA:21,0
DA:23,0
DA:25,0
DA:28,0
DA:29,0
DA:32,0
DA:35,0
DA:39,0
DA:40,0
DA:44,0
DA:45,0
DA:49,0
DA:50,0
LF:18
LH:0
end_of_record
