SF:lib/config/firebase_options.dart
DA:18,0
DA:22,0
DA:23,0
DA:25,0
DA:27,0
DA:29,0
DA:31,0
DA:32,0
DA:37,0
LF:9
LH:0
end_of_record
SF:lib/models/fixtures.dart
DA:46,12
DA:47,4
DA:51,16
DA:53,4
DA:57,12
DA:59,4
DA:63,16
DA:65,4
DA:69,12
DA:71,4
DA:75,12
DA:77,4
DA:81,12
DA:86,6
DA:87,2
DA:88,2
DA:92,2
DA:93,2
DA:97,2
DA:98,2
DA:105,5
DA:106,10
DA:107,10
DA:112,2
DA:113,4
DA:114,4
LF:26
LH:26
end_of_record
SF:lib/auth/auth_widgets.dart
DA:13,3
DA:24,3
DA:26,3
DA:27,3
DA:28,3
DA:29,3
DA:30,3
DA:31,3
DA:32,3
DA:33,3
DA:34,3
DA:35,3
DA:37,3
DA:38,3
DA:49,3
DA:62,3
DA:70,3
DA:72,3
DA:75,3
DA:76,3
DA:77,6
DA:78,3
DA:81,3
DA:82,3
DA:84,3
DA:86,3
DA:95,3
DA:96,3
DA:113,3
DA:120,3
DA:122,3
DA:123,3
DA:124,3
DA:125,3
DA:129,3
DA:130,3
LF:36
LH:36
end_of_record
SF:lib/auth/login_page.dart
DA:10,1
DA:12,1
DA:13,1
DA:24,1
DA:26,1
DA:27,3
DA:30,1
DA:32,2
DA:33,2
DA:34,1
DA:37,1
DA:38,1
DA:41,2
DA:47,1
DA:48,1
DA:51,2
DA:57,1
DA:58,3
DA:59,2
DA:60,1
DA:64,2
DA:65,3
DA:66,2
DA:69,1
DA:71,2
DA:72,0
DA:80,1
DA:81,3
DA:82,1
DA:83,2
DA:89,1
DA:90,2
DA:91,1
DA:98,0
DA:99,0
DA:100,0
DA:104,0
DA:106,0
DA:108,0
DA:109,0
DA:117,0
DA:118,0
DA:119,0
DA:120,0
DA:126,0
DA:127,0
DA:128,0
DA:134,1
DA:136,4
DA:138,1
DA:139,1
DA:140,1
DA:141,1
DA:143,1
DA:144,1
DA:145,1
DA:147,1
DA:148,1
DA:151,1
DA:153,1
DA:154,1
DA:156,1
DA:158,1
DA:159,1
DA:160,1
DA:163,1
DA:183,1
DA:187,1
DA:188,1
DA:194,1
DA:199,1
DA:200,1
DA:205,1
DA:208,1
DA:209,1
DA:214,1
DA:216,1
DA:219,0
DA:220,0
DA:248,1
DA:249,2
DA:250,1
DA:256,1
DA:259,1
DA:262,1
DA:263,1
DA:266,1
DA:274,1
DA:276,1
DA:281,1
DA:284,0
DA:285,0
LF:92
LH:73
end_of_record
SF:lib/services/auth_service.dart
DA:9,6
DA:11,4
DA:14,4
DA:16,6
DA:17,2
DA:20,3
DA:23,2
DA:29,4
DA:35,1
DA:36,2
DA:37,2
DA:40,2
DA:41,2
DA:42,1
DA:43,2
DA:45,0
DA:50,2
DA:55,4
DA:60,2
DA:61,2
DA:62,2
DA:63,4
DA:65,0
DA:70,1
DA:74,0
DA:76,0
DA:79,0
DA:80,0
DA:81,0
DA:85,2
DA:94,0
DA:97,0
DA:98,0
DA:99,0
DA:103,0
DA:105,0
DA:106,0
DA:107,0
DA:108,0
DA:110,0
DA:115,2
DA:117,4
DA:118,4
DA:119,4
DA:121,2
DA:123,0
DA:128,1
DA:130,2
DA:131,0
DA:132,0
DA:134,0
DA:139,1
DA:144,1
DA:145,1
DA:148,1
DA:151,0
DA:153,1
DA:154,1
DA:156,2
DA:161,1
DA:163,2
DA:164,1
DA:165,0
DA:166,0
DA:168,0
DA:173,2
DA:174,2
DA:175,2
DA:177,2
DA:179,2
DA:181,2
DA:183,0
DA:185,0
DA:187,0
DA:189,0
DA:191,0
DA:194,0
LF:77
LH:46
end_of_record
SF:lib/widgets/header.dart
DA:9,1
DA:11,15
DA:12,15
DA:16,15
DA:18,15
DA:20,45
DA:23,15
DA:25,45
DA:26,15
DA:29,2
DA:30,4
DA:33,2
DA:34,2
DA:36,4
DA:38,2
DA:41,2
DA:42,2
DA:45,1
DA:46,1
DA:47,1
DA:50,2
DA:53,0
DA:54,0
DA:55,0
DA:58,2
DA:61,1
DA:62,1
DA:63,1
DA:66,2
DA:69,0
DA:70,0
DA:71,0
DA:74,2
DA:77,2
DA:78,2
DA:80,0
DA:81,0
DA:82,0
DA:85,2
DA:87,0
DA:88,0
DA:89,0
DA:100,15
DA:102,15
DA:103,15
DA:104,60
DA:106,12
DA:108,12
DA:110,12
DA:111,12
DA:112,15
DA:122,12
DA:123,12
DA:125,12
DA:126,15
DA:128,15
DA:129,30
DA:130,15
DA:139,7
DA:140,7
DA:141,7
DA:144,7
DA:145,7
DA:146,0
DA:156,7
DA:157,0
DA:167,7
DA:168,0
DA:178,7
DA:179,0
DA:189,7
DA:191,0
DA:192,0
DA:193,0
DA:194,0
DA:195,0
DA:198,0
DA:208,7
DA:210,7
DA:212,7
DA:237,10
DA:240,12
DA:242,12
DA:243,15
DA:247,0
DA:249,12
DA:250,12
DA:251,27
DA:259,0
DA:260,0
DA:261,0
DA:263,0
DA:268,12
DA:270,12
DA:271,12
DA:275,0
DA:277,12
DA:278,0
DA:281,0
DA:291,0
DA:292,0
DA:305,9
DA:309,4
LF:103
LH:71
end_of_record
SF:lib/models/cart.dart
DA:8,48
DA:9,32
DA:10,16
DA:19,16
DA:20,32
DA:24,16
DA:25,32
DA:29,3
DA:30,6
DA:31,3
DA:36,8
DA:39,16
DA:40,54
DA:44,3
DA:47,2
DA:48,12
DA:52,2
DA:59,2
DA:67,2
DA:69,4
DA:71,5
DA:72,4
DA:76,4
DA:78,2
DA:82,1
DA:83,2
DA:84,1
DA:88,1
DA:89,2
DA:90,1
DA:91,2
DA:93,5
DA:95,1
DA:100,1
DA:101,2
DA:102,5
DA:103,4
DA:105,1
DA:110,1
DA:111,2
DA:112,3
DA:113,1
DA:114,5
DA:115,1
DA:118,2
DA:120,1
DA:125,3
DA:126,6
DA:127,3
DA:131,1
DA:136,1
DA:137,2
LF:52
LH:52
end_of_record
SF:lib/models/cart_item.dart
DA:10,5
DA:19,3
DA:21,12
DA:22,3
DA:23,6
DA:27,2
DA:34,2
DA:35,2
DA:36,1
DA:37,2
DA:38,2
DA:39,2
DA:44,3
DA:45,15
LF:14
LH:14
end_of_record
SF:lib/models/product.dart
DA:7,1
LF:1
LH:1
end_of_record
SF:lib/services/auth_provider.dart
DA:8,17
DA:9,4
DA:13,14
DA:18,0
LF:4
LH:3
end_of_record
SF:lib/models/collection.dart
DA:9,5
LF:1
LH:1
end_of_record
SF:lib/auth/signup_page.dart
DA:10,1
DA:12,1
DA:13,1
DA:26,1
DA:28,1
DA:29,4
DA:32,1
DA:34,2
DA:35,2
DA:36,2
DA:37,2
DA:38,1
DA:41,1
DA:42,1
DA:45,2
DA:51,1
DA:52,1
DA:55,2
DA:61,1
DA:62,1
DA:65,2
DA:71,1
DA:72,1
DA:75,3
DA:81,1
DA:82,3
DA:83,0
DA:84,0
DA:88,0
DA:89,0
DA:90,0
DA:91,0
DA:94,0
DA:96,0
DA:97,0
DA:105,0
DA:106,0
DA:107,0
DA:108,0
DA:114,0
DA:115,0
DA:116,0
DA:123,0
DA:124,0
DA:125,0
DA:129,0
DA:131,0
DA:133,0
DA:134,0
DA:142,0
DA:143,0
DA:144,0
DA:145,0
DA:151,0
DA:152,0
DA:153,0
DA:159,1
DA:161,4
DA:163,1
DA:164,1
DA:165,1
DA:166,1
DA:168,1
DA:169,1
DA:170,1
DA:172,1
DA:173,1
DA:176,1
DA:178,1
DA:179,1
DA:181,1
DA:183,1
DA:184,1
DA:185,1
DA:188,1
DA:208,1
DA:212,1
DA:213,1
DA:219,1
DA:223,1
DA:224,1
DA:230,1
DA:235,1
DA:236,1
DA:241,1
DA:246,1
DA:247,1
DA:252,1
DA:255,1
DA:256,1
DA:277,1
DA:278,2
DA:279,1
DA:285,1
DA:288,1
DA:291,1
DA:292,1
DA:295,1
DA:303,1
DA:305,1
DA:310,1
DA:313,0
DA:314,0
LF:103
LH:71
end_of_record
SF:lib/models/order.dart
DA:11,2
DA:20,1
DA:21,5
DA:25,1
DA:26,13
LF:5
LH:5
end_of_record
SF:lib/services/order_service.dart
DA:7,6
DA:8,4
DA:9,2
DA:15,1
DA:20,1
DA:21,3
DA:23,1
DA:25,1
DA:28,2
DA:29,3
DA:32,3
DA:35,1
DA:39,1
DA:40,3
DA:44,1
DA:45,3
DA:49,1
DA:50,2
LF:18
LH:18
end_of_record
SF:lib/views/cart_page.dart
DA:10,0
DA:12,1
DA:13,1
DA:17,1
DA:19,1
DA:20,1
DA:22,1
DA:23,1
DA:24,1
DA:25,1
DA:29,1
DA:42,1
DA:44,1
DA:45,1
DA:47,1
DA:48,1
DA:49,1
DA:51,1
DA:53,1
DA:57,1
DA:58,0
DA:59,0
DA:61,1
DA:67,1
DA:68,1
DA:83,1
DA:84,2
DA:85,1
DA:87,1
DA:89,1
DA:90,1
DA:91,2
DA:95,0
DA:97,0
DA:98,0
DA:100,0
DA:102,0
DA:105,0
DA:106,0
DA:108,0
DA:109,0
DA:110,0
DA:112,0
DA:119,0
DA:120,0
DA:122,0
DA:123,0
DA:124,0
DA:134,0
DA:135,0
DA:137,0
DA:138,0
DA:139,0
DA:146,0
DA:147,0
DA:156,0
DA:157,0
DA:158,0
DA:172,0
DA:173,0
DA:175,0
DA:176,0
DA:177,0
DA:178,0
DA:181,0
DA:182,0
DA:183,0
DA:188,0
DA:190,0
DA:192,0
DA:193,0
DA:195,0
DA:196,0
DA:201,0
DA:202,0
DA:203,0
DA:204,0
DA:206,0
DA:211,0
DA:213,0
DA:214,0
DA:221,0
DA:226,0
DA:227,0
DA:228,0
DA:234,0
DA:235,0
DA:243,0
DA:244,0
DA:245,0
DA:246,0
DA:262,1
DA:264,1
DA:266,1
DA:269,1
DA:270,2
DA:272,3
DA:273,1
DA:274,2
DA:276,0
DA:283,1
DA:284,1
DA:286,1
DA:287,1
DA:288,2
DA:296,1
DA:297,0
DA:298,0
DA:299,0
DA:300,0
DA:308,0
DA:309,0
DA:318,1
DA:319,1
DA:320,2
DA:327,2
DA:329,3
DA:331,2
DA:333,3
DA:335,1
DA:337,1
DA:338,1
DA:339,1
DA:344,0
DA:345,0
DA:346,0
DA:347,0
DA:349,0
DA:354,1
DA:356,1
DA:357,2
DA:364,1
DA:369,0
DA:370,0
DA:371,0
DA:376,1
DA:377,0
DA:378,0
DA:379,0
DA:396,1
DA:397,3
DA:409,1
DA:414,1
DA:415,1
DA:418,1
DA:419,1
DA:420,1
DA:422,1
DA:424,1
DA:433,1
DA:435,1
DA:440,1
DA:441,3
DA:447,1
DA:449,1
DA:454,1
DA:456,1
DA:458,1
DA:465,1
DA:467,1
DA:475,1
DA:476,3
DA:486,1
DA:487,0
DA:489,0
DA:490,0
DA:493,0
DA:496,0
DA:514,0
DA:517,0
DA:519,0
DA:520,0
DA:524,0
DA:525,0
DA:528,0
DA:530,0
DA:532,0
DA:533,0
DA:535,0
DA:536,0
DA:537,0
DA:538,0
DA:539,0
DA:540,0
DA:550,1
DA:554,1
DA:555,1
DA:570,1
DA:571,1
LF:189
LH:88
end_of_record
SF:lib/widgets/footer.dart
DA:5,1
DA:7,14
DA:9,56
DA:11,14
DA:13,14
DA:16,3
DA:18,3
DA:19,3
DA:21,3
DA:23,3
DA:26,14
DA:28,14
DA:30,28
DA:32,28
DA:34,28
DA:41,14
DA:98,14
DA:99,14
DA:101,14
DA:111,14
DA:112,0
DA:113,14
DA:126,14
DA:127,1
DA:128,14
DA:145,14
LF:26
LH:25
end_of_record
SF:lib/views/print_shack_about_page.dart
DA:7,1
DA:9,1
DA:11,1
DA:12,1
DA:13,1
DA:14,1
DA:18,1
DA:37,1
DA:38,1
DA:40,1
DA:42,1
DA:44,1
DA:71,1
DA:76,1
DA:81,1
DA:86,1
DA:100,1
DA:101,1
DA:102,1
DA:103,1
DA:104,1
DA:123,1
DA:124,1
DA:125,0
DA:126,0
DA:128,1
DA:134,1
DA:135,1
DA:162,1
DA:163,1
DA:165,1
DA:172,1
DA:173,1
DA:175,1
DA:176,1
DA:184,1
DA:198,1
DA:199,1
DA:201,1
DA:202,1
DA:203,1
DA:210,1
DA:211,1
DA:222,1
DA:223,1
LF:45
LH:43
end_of_record
SF:lib/main.dart
DA:24,0
DA:25,0
DA:26,0
DA:27,0
DA:29,0
DA:34,5
DA:35,5
DA:36,15
DA:37,10
DA:43,0
DA:45,0
DA:46,0
DA:51,1
DA:53,6
DA:55,5
DA:57,5
DA:58,10
DA:59,10
DA:60,10
DA:61,10
DA:76,16
DA:77,5
DA:78,5
DA:80,5
DA:82,5
DA:84,0
DA:86,5
DA:88,3
DA:89,6
DA:91,3
DA:92,3
DA:97,5
DA:99,1
DA:101,5
DA:103,0
DA:105,5
DA:107,1
DA:108,2
DA:110,1
DA:111,1
DA:116,5
DA:118,1
DA:119,2
DA:121,1
DA:122,1
DA:127,5
DA:129,0
DA:131,5
DA:133,0
DA:135,0
DA:136,0
DA:137,0
DA:138,0
DA:140,0
DA:145,0
DA:147,0
DA:151,0
DA:153,0
DA:154,0
DA:159,5
DA:161,0
DA:163,5
DA:165,0
DA:167,5
DA:169,0
DA:171,5
DA:173,0
DA:174,0
DA:175,0
DA:178,5
DA:180,0
DA:182,5
DA:184,0
DA:186,5
DA:188,0
DA:193,5
DA:196,5
DA:197,5
DA:205,1
DA:207,5
DA:209,5
DA:210,5
DA:211,5
DA:212,5
DA:216,5
DA:219,5
DA:220,5
DA:222,5
DA:223,5
DA:230,5
DA:231,5
DA:232,5
DA:238,5
DA:242,5
DA:244,5
DA:265,5
DA:267,5
DA:287,5
DA:289,5
DA:291,5
DA:292,5
DA:302,5
DA:306,20
DA:309,5
DA:310,5
DA:311,10
DA:312,10
DA:313,10
DA:314,10
DA:316,5
DA:317,10
DA:318,10
DA:319,10
DA:320,10
DA:322,5
DA:323,10
DA:324,10
DA:325,10
DA:326,10
DA:328,5
DA:329,10
DA:330,10
DA:331,10
DA:332,10
DA:356,5
DA:364,5
DA:366,5
DA:367,3
DA:369,9
DA:371,5
DA:373,5
DA:374,5
DA:375,5
DA:376,5
DA:378,0
DA:379,0
DA:380,0
DA:388,5
DA:390,5
DA:392,5
DA:393,5
DA:398,5
DA:399,5
LF:143
LH:109
end_of_record
SF:lib/views/collection_page.dart
DA:11,3
DA:16,2
DA:17,2
DA:24,2
DA:25,5
DA:27,8
DA:30,4
DA:31,2
DA:32,5
DA:33,1
DA:37,4
DA:38,0
DA:39,0
DA:40,0
DA:41,0
DA:43,4
DA:44,0
DA:45,0
DA:46,0
DA:47,0
DA:54,2
DA:56,2
DA:57,2
DA:58,2
DA:59,2
DA:60,2
DA:65,2
DA:67,2
DA:68,2
DA:69,2
DA:70,6
DA:82,2
DA:84,2
DA:86,2
DA:87,2
DA:88,2
DA:94,1
DA:95,2
DA:96,1
DA:102,2
DA:103,2
DA:109,0
DA:111,0
DA:112,0
DA:122,2
DA:124,2
DA:127,8
DA:131,6
DA:132,4
DA:133,2
DA:134,1
DA:136,2
DA:137,6
DA:139,0
DA:142,2
DA:143,2
DA:145,2
DA:146,2
DA:147,2
DA:148,2
DA:150,1
DA:151,1
DA:152,1
DA:158,2
DA:160,2
DA:162,2
DA:163,4
DA:165,4
DA:173,2
DA:174,2
DA:175,0
DA:186,2
DA:187,1
DA:188,1
DA:190,1
DA:191,1
DA:192,1
DA:193,1
LF:78
LH:65
end_of_record
SF:lib/views/product_page.dart
DA:12,5
DA:14,4
DA:15,4
DA:24,1
DA:25,2
DA:26,2
DA:30,0
DA:31,0
DA:32,0
DA:36,4
DA:39,8
DA:47,4
DA:48,4
DA:49,4
DA:50,4
DA:54,4
DA:55,4
DA:57,4
DA:60,4
DA:61,4
DA:63,4
DA:64,8
DA:65,4
DA:66,4
DA:67,8
DA:68,4
DA:69,4
DA:70,4
DA:72,4
DA:73,4
DA:74,8
DA:75,4
DA:76,4
DA:78,0
DA:79,0
DA:80,0
DA:85,0
DA:88,0
DA:89,0
DA:90,0
DA:101,4
DA:103,4
DA:105,4
DA:106,4
DA:117,9
DA:118,1
DA:119,1
DA:120,1
DA:121,2
DA:129,1
DA:130,1
DA:139,4
DA:140,4
DA:141,4
DA:150,4
DA:153,4
DA:155,4
DA:156,4
DA:157,4
DA:160,4
DA:162,4
DA:168,1
DA:170,2
DA:171,1
DA:178,4
DA:180,4
DA:186,0
DA:188,0
DA:189,0
DA:199,4
DA:200,4
DA:203,4
DA:205,4
DA:208,4
DA:209,8
DA:213,4
DA:215,4
DA:224,20
DA:228,4
DA:231,4
DA:239,4
DA:240,4
DA:249,4
DA:252,4
DA:253,0
DA:254,0
DA:255,0
DA:257,0
DA:258,0
DA:259,0
DA:260,0
DA:264,0
DA:265,0
DA:266,0
DA:267,0
DA:270,0
DA:272,0
DA:273,0
DA:279,4
DA:286,4
DA:287,4
DA:303,8
DA:304,0
DA:306,0
DA:309,0
DA:315,4
DA:317,4
LF:107
LH:77
end_of_record
SF:lib/views/collections_page.dart
DA:9,1
DA:11,2
DA:12,2
DA:19,2
DA:21,6
DA:22,10
DA:23,2
DA:26,2
DA:27,2
DA:28,10
DA:30,0
DA:31,0
DA:33,0
DA:34,0
DA:41,2
DA:43,2
DA:45,2
DA:46,2
DA:47,2
DA:48,2
DA:53,2
DA:66,2
DA:68,2
DA:69,2
DA:71,4
DA:72,1
DA:73,1
DA:75,1
DA:76,1
DA:79,1
DA:80,1
DA:87,0
DA:88,0
DA:89,0
DA:95,1
DA:96,1
DA:97,1
DA:99,1
DA:100,1
DA:116,0
DA:118,0
DA:119,0
DA:129,2
DA:130,2
DA:132,2
DA:134,2
DA:135,2
DA:138,2
DA:139,2
DA:146,1
DA:147,2
DA:148,1
DA:155,2
DA:157,2
DA:158,2
DA:159,2
DA:161,2
DA:162,2
DA:178,0
DA:180,0
DA:181,0
DA:194,4
DA:195,1
DA:197,1
DA:199,1
DA:200,2
DA:201,1
DA:202,1
DA:208,2
DA:211,2
DA:212,3
DA:214,1
DA:215,1
DA:216,1
DA:219,1
DA:222,1
DA:224,1
DA:226,1
DA:232,2
DA:234,2
DA:238,8
DA:242,4
DA:243,2
DA:244,1
DA:246,3
DA:248,2
DA:251,2
DA:253,2
DA:254,2
DA:257,2
DA:258,2
DA:261,0
DA:262,0
DA:263,0
DA:264,0
DA:265,0
DA:268,0
DA:275,2
DA:277,2
DA:280,2
DA:281,2
DA:282,2
DA:289,2
DA:290,12
DA:291,2
DA:293,2
DA:303,2
DA:305,2
DA:308,2
LF:109
LH:90
end_of_record
SF:lib/views/about_page.dart
DA:6,1
DA:8,0
DA:10,0
DA:11,0
DA:12,0
DA:13,0
DA:16,0
DA:45,0
LF:8
LH:1
end_of_record
SF:lib/views/sale_page.dart
DA:9,1
DA:11,1
DA:14,1
DA:16,1
DA:17,1
DA:18,1
DA:22,1
DA:42,1
DA:44,1
DA:45,1
DA:46,2
DA:47,1
DA:54,3
DA:55,1
DA:56,1
DA:57,2
DA:78,1
DA:80,1
DA:82,2
DA:83,3
DA:84,3
DA:85,3
DA:87,1
DA:89,2
DA:90,1
DA:91,0
DA:93,0
DA:94,0
DA:95,0
DA:96,0
DA:97,0
DA:100,0
DA:102,0
DA:105,1
DA:106,1
DA:107,1
DA:109,1
DA:111,1
DA:113,1
DA:115,1
DA:116,1
DA:117,1
DA:118,1
DA:121,2
DA:122,1
DA:131,1
DA:132,1
DA:137,1
DA:138,1
DA:139,1
DA:140,2
DA:148,1
DA:149,2
DA:150,3
DA:160,1
DA:163,1
DA:164,3
DA:166,1
DA:168,1
DA:170,1
DA:171,1
LF:61
LH:53
end_of_record
SF:lib/views/search_page.dart
DA:11,0
DA:16,1
DA:17,1
DA:25,1
DA:27,1
DA:28,4
DA:31,1
DA:33,2
DA:34,1
DA:37,1
DA:38,1
DA:39,2
DA:40,2
DA:41,1
DA:46,2
DA:47,1
DA:48,3
DA:49,4
DA:50,1
DA:54,1
DA:56,1
DA:57,1
DA:58,1
DA:59,1
DA:63,1
DA:65,1
DA:66,1
DA:77,1
DA:78,1
DA:79,1
DA:82,1
DA:83,1
DA:85,1
DA:86,1
DA:93,1
DA:94,1
DA:101,1
DA:103,1
DA:105,1
DA:106,2
DA:107,1
DA:108,2
DA:109,2
DA:110,7
DA:120,2
DA:121,1
DA:124,1
DA:125,4
DA:130,2
DA:131,1
DA:132,2
DA:133,1
DA:134,0
DA:135,0
DA:137,1
DA:139,1
DA:141,1
DA:142,1
DA:143,1
DA:144,1
DA:147,0
DA:148,0
DA:149,0
DA:157,1
DA:159,1
DA:161,1
DA:162,1
DA:163,1
DA:172,1
DA:173,1
DA:190,1
DA:191,1
DA:214,1
LF:73
LH:67
end_of_record
SF:lib/views/dashboard_page.dart
DA:15,1
DA:17,1
DA:18,1
DA:27,1
DA:29,1
DA:30,4
DA:31,4
DA:32,1
DA:35,1
DA:36,2
DA:38,0
DA:39,0
DA:40,0
DA:45,0
DA:47,0
DA:48,0
DA:51,0
DA:52,0
DA:61,0
DA:63,0
DA:64,0
DA:68,0
DA:69,0
DA:70,0
DA:71,0
DA:72,0
DA:80,1
DA:82,2
DA:84,1
DA:85,1
DA:86,1
DA:88,1
DA:89,1
DA:90,1
DA:91,1
DA:94,1
DA:96,1
DA:110,1
DA:112,1
DA:114,1
DA:116,1
DA:127,0
DA:128,0
DA:130,0
DA:137,1
DA:139,0
DA:142,1
DA:145,1
DA:147,0
DA:158,1
DA:160,1
DA:162,1
DA:164,1
DA:174,2
DA:175,1
DA:176,1
DA:178,1
DA:179,1
DA:180,1
DA:183,1
DA:186,1
DA:188,1
DA:190,1
DA:198,0
DA:201,0
DA:202,0
DA:203,0
DA:204,0
DA:205,0
DA:208,0
DA:210,0
DA:211,0
DA:212,0
DA:218,0
DA:219,0
DA:228,0
DA:230,0
DA:231,0
DA:232,0
DA:235,0
DA:238,0
DA:239,0
DA:240,0
DA:242,0
DA:246,0
DA:249,0
DA:252,0
DA:253,0
DA:254,0
DA:256,0
DA:262,0
DA:264,0
DA:266,0
DA:267,0
DA:268,0
DA:270,0
DA:272,0
DA:281,0
DA:282,0
DA:284,0
DA:286,0
DA:288,0
DA:291,0
DA:292,0
DA:293,0
DA:295,0
DA:296,0
DA:297,0
DA:298,0
DA:299,0
DA:301,0
DA:309,0
DA:310,0
DA:312,0
DA:313,0
DA:314,0
DA:321,0
DA:322,0
DA:323,0
DA:324,0
DA:325,0
DA:326,0
DA:327,0
DA:329,0
DA:332,0
DA:333,0
DA:334,0
DA:335,0
DA:336,0
DA:337,0
DA:339,0
DA:343,0
DA:344,0
DA:345,0
DA:354,0
DA:355,0
DA:356,0
DA:359,0
DA:368,0
DA:369,0
DA:378,0
DA:394,1
DA:397,1
DA:398,2
DA:399,1
DA:402,1
DA:403,1
DA:406,1
DA:447,1
DA:448,1
DA:450,1
DA:451,1
DA:454,1
DA:457,1
DA:458,1
DA:460,1
DA:461,1
DA:463,1
DA:465,1
DA:470,1
LF:160
LH:61
end_of_record
SF:lib/views/personalisation_page.dart
DA:9,1
DA:11,1
DA:12,1
DA:24,3
DA:25,3
DA:26,1
DA:27,2
DA:28,0
DA:29,0
DA:30,0
DA:34,1
DA:37,1
DA:39,1
DA:46,1
DA:48,1
DA:49,1
DA:50,1
DA:51,1
DA:55,1
DA:56,1
DA:58,1
DA:61,1
DA:62,1
DA:64,1
DA:66,2
DA:67,1
DA:68,1
DA:69,2
DA:70,1
DA:71,1
DA:72,1
DA:74,1
DA:75,2
DA:76,2
DA:77,2
DA:78,2
DA:79,1
DA:80,1
DA:84,1
DA:86,1
DA:89,1
DA:90,0
DA:93,0
DA:94,0
DA:96,0
DA:100,0
DA:103,0
DA:104,0
DA:105,0
DA:107,0
DA:112,1
DA:115,1
DA:116,2
DA:117,1
DA:118,1
DA:120,1
DA:122,1
DA:123,1
DA:127,2
DA:128,0
DA:130,0
DA:131,0
DA:133,0
DA:135,0
DA:136,0
DA:141,2
DA:142,0
DA:144,0
DA:145,0
DA:147,0
DA:149,0
DA:150,0
DA:155,2
DA:156,0
DA:158,0
DA:159,0
DA:161,0
DA:163,0
DA:164,0
DA:177,1
DA:179,1
DA:190,1
DA:191,0
DA:192,0
DA:223,1
DA:224,1
DA:247,0
DA:249,0
DA:250,0
DA:258,2
DA:267,1
DA:273,1
DA:274,2
DA:275,1
DA:283,2
DA:292,0
DA:298,0
DA:299,0
DA:300,0
DA:308,2
DA:317,0
DA:323,0
DA:324,0
DA:325,0
DA:333,2
DA:342,0
DA:348,0
DA:349,0
DA:350,0
DA:358,1
DA:367,0
DA:370,0
DA:371,0
DA:372,0
DA:374,0
DA:375,0
DA:376,0
DA:379,0
DA:382,0
DA:384,0
DA:386,0
DA:390,0
DA:392,0
DA:394,0
DA:405,2
DA:414,1
DA:415,1
DA:433,0
DA:435,0
DA:436,0
DA:445,1
DA:452,1
DA:453,1
DA:454,1
DA:455,1
DA:457,0
DA:458,0
DA:459,0
DA:460,0
DA:465,1
DA:466,2
DA:469,1
DA:471,0
DA:472,0
DA:473,0
DA:479,1
DA:482,1
DA:484,1
DA:485,0
DA:487,0
DA:488,0
DA:489,0
DA:499,0
DA:500,0
DA:511,0
DA:512,0
DA:513,0
DA:514,0
DA:516,0
DA:517,0
DA:518,0
DA:520,0
DA:521,0
DA:522,0
DA:526,0
DA:527,0
DA:528,0
DA:534,0
DA:536,0
DA:537,0
DA:539,0
DA:543,0
DA:544,0
DA:547,0
DA:549,0
DA:550,0
DA:556,1
DA:560,1
DA:561,1
DA:578,2
DA:579,1
DA:581,1
DA:584,1
DA:588,0
DA:589,0
LF:185
LH:84
end_of_record
